<?xml version="1.0" encoding="UTF-8"?>
<!-- Generated by org.testng.reporters.JUnitReportReporter -->
<testsuite skipped="0" hostname="minds" name="Alerts" tests="1" failures="0" timestamp="27 Jun 2018 04:07:17 GMT" time="13.838" errors="0">
  <testcase name="HandleAlerts" time="13.838" classname="Alerts"/>
</testsuite> <!-- Alerts -->
