<?xml version="1.0" encoding="UTF-8"?>
<!-- Generated by org.testng.reporters.JUnitReportReporter -->
<testsuite skipped="0" hostname="minds" name="CheckBoxPractice" tests="1" failures="0" timestamp="27 Jun 2018 04:08:05 GMT" time="10.711" errors="0">
  <testcase name="chkboxAndScreenshot" time="10.711" classname="CheckBoxPractice"/>
</testsuite> <!-- CheckBoxPractice -->
