<?xml version="1.0" encoding="UTF-8"?>
<!-- Generated by org.testng.reporters.JUnitReportReporter -->
<testsuite skipped="0" hostname="minds" name="UploadFile" tests="1" failures="0" timestamp="12 Jul 2018 09:38:46 GMT" time="8.140" errors="0">
  <testcase name="uploaddoc" time="8.140" classname="UploadFile"/>
</testsuite> <!-- UploadFile -->
