<?xml version="1.0" encoding="UTF-8"?>
<!-- Generated by org.testng.reporters.JUnitReportReporter -->
<testsuite skipped="0" hostname="minds" name="MouseHoverAndDropdown" tests="1" failures="0" timestamp="12 Jul 2018 10:30:22 GMT" time="27.491" errors="0">
  <testcase name="dropdownvalues" time="27.491" classname="MouseHoverAndDropdown"/>
</testsuite> <!-- MouseHoverAndDropdown -->
