<?xml version="1.0" encoding="UTF-8"?>
<!-- Generated by org.testng.reporters.JUnitReportReporter -->
<testsuite skipped="0" hostname="minds" name="DoubleClick" tests="1" failures="0" timestamp="27 Jun 2018 04:09:55 GMT" time="9.598" errors="0">
  <testcase name="DClick" time="9.598" classname="DoubleClick"/>
</testsuite> <!-- DoubleClick -->
